  Building Custom Rule C:/git/shar/src/CMakeLists.txt
  CMake does not need to re-run because C:/git/shar/build/src/CMakeFiles/generate.stamp is up-to-date.
  main.cpp
  signal_handler.cpp
  counter.cpp
  metrics.cpp
  convert.cpp
  options.cpp
  avcontext.cpp
  codec.cpp
  encoder.cpp
  capture.cpp
  frame.cpp
  network.cpp
  packet.cpp
  Generating Code...
screen_capture_lite.lib(GetMonitors.obj) : error LNK2038: mismatch detected for '_ITERATOR_DEBUG_LEVEL': value '2' doesn't match value '0' in main.obj
screen_capture_lite.lib(GetMonitors.obj) : error LNK2038: mismatch detected for 'RuntimeLibrary': value 'MDd_DynamicDebug' doesn't match value 'MD_DynamicRelease' in main.obj
screen_capture_lite.lib(SCCommon.obj) : error LNK2038: mismatch detected for '_ITERATOR_DEBUG_LEVEL': value '2' doesn't match value '0' in main.obj
screen_capture_lite.lib(SCCommon.obj) : error LNK2038: mismatch detected for 'RuntimeLibrary': value 'MDd_DynamicDebug' doesn't match value 'MD_DynamicRelease' in main.obj
screen_capture_lite.lib(ScreenCapture.obj) : error LNK2038: mismatch detected for '_ITERATOR_DEBUG_LEVEL': value '2' doesn't match value '0' in main.obj
screen_capture_lite.lib(ScreenCapture.obj) : error LNK2038: mismatch detected for 'RuntimeLibrary': value 'MDd_DynamicDebug' doesn't match value 'MD_DynamicRelease' in main.obj
screen_capture_lite.lib(ThreadManager.obj) : error LNK2038: mismatch detected for '_ITERATOR_DEBUG_LEVEL': value '2' doesn't match value '0' in main.obj
screen_capture_lite.lib(ThreadManager.obj) : error LNK2038: mismatch detected for 'RuntimeLibrary': value 'MDd_DynamicDebug' doesn't match value 'MD_DynamicRelease' in main.obj
screen_capture_lite.lib(ThreadRunner.obj) : error LNK2038: mismatch detected for '_ITERATOR_DEBUG_LEVEL': value '2' doesn't match value '0' in main.obj
screen_capture_lite.lib(ThreadRunner.obj) : error LNK2038: mismatch detected for 'RuntimeLibrary': value 'MDd_DynamicDebug' doesn't match value 'MD_DynamicRelease' in main.obj
screen_capture_lite.lib(DXFrameProcessor.obj) : error LNK2038: mismatch detected for '_ITERATOR_DEBUG_LEVEL': value '2' doesn't match value '0' in main.obj
screen_capture_lite.lib(DXFrameProcessor.obj) : error LNK2038: mismatch detected for 'RuntimeLibrary': value 'MDd_DynamicDebug' doesn't match value 'MD_DynamicRelease' in main.obj
screen_capture_lite.lib(GDIFrameProcessor.obj) : error LNK2038: mismatch detected for '_ITERATOR_DEBUG_LEVEL': value '2' doesn't match value '0' in main.obj
screen_capture_lite.lib(GDIFrameProcessor.obj) : error LNK2038: mismatch detected for 'RuntimeLibrary': value 'MDd_DynamicDebug' doesn't match value 'MD_DynamicRelease' in main.obj
screen_capture_lite.lib(GDIMouseProcessor.obj) : error LNK2038: mismatch detected for '_ITERATOR_DEBUG_LEVEL': value '2' doesn't match value '0' in main.obj
screen_capture_lite.lib(GDIMouseProcessor.obj) : error LNK2038: mismatch detected for 'RuntimeLibrary': value 'MDd_DynamicDebug' doesn't match value 'MD_DynamicRelease' in main.obj
boost_system.lib(error_code.obj) : error LNK2038: mismatch detected for '_ITERATOR_DEBUG_LEVEL': value '2' doesn't match value '0' in main.obj
boost_system.lib(error_code.obj) : error LNK2038: mismatch detected for 'RuntimeLibrary': value 'MDd_DynamicDebug' doesn't match value 'MD_DynamicRelease' in main.obj
fmt.lib(format.obj) : error LNK2038: mismatch detected for '_ITERATOR_DEBUG_LEVEL': value '2' doesn't match value '0' in main.obj
fmt.lib(format.obj) : error LNK2038: mismatch detected for 'RuntimeLibrary': value 'MDd_DynamicDebug' doesn't match value 'MD_DynamicRelease' in main.obj
prometheus-cpp-core.lib(gauge.obj) : error LNK2038: mismatch detected for '_ITERATOR_DEBUG_LEVEL': value '2' doesn't match value '0' in main.obj
prometheus-cpp-core.lib(gauge.obj) : error LNK2038: mismatch detected for 'RuntimeLibrary': value 'MDd_DynamicDebug' doesn't match value 'MD_DynamicRelease' in main.obj
prometheus-cpp-core.lib(gauge_builder.obj) : error LNK2038: mismatch detected for '_ITERATOR_DEBUG_LEVEL': value '2' doesn't match value '0' in main.obj
prometheus-cpp-core.lib(gauge_builder.obj) : error LNK2038: mismatch detected for 'RuntimeLibrary': value 'MDd_DynamicDebug' doesn't match value 'MD_DynamicRelease' in main.obj
prometheus-cpp-core.lib(registry.obj) : error LNK2038: mismatch detected for '_ITERATOR_DEBUG_LEVEL': value '2' doesn't match value '0' in main.obj
prometheus-cpp-core.lib(registry.obj) : error LNK2038: mismatch detected for 'RuntimeLibrary': value 'MDd_DynamicDebug' doesn't match value 'MD_DynamicRelease' in main.obj
prometheus-cpp-core.lib(check_names.obj) : error LNK2038: mismatch detected for '_ITERATOR_DEBUG_LEVEL': value '2' doesn't match value '0' in main.obj
prometheus-cpp-core.lib(check_names.obj) : error LNK2038: mismatch detected for 'RuntimeLibrary': value 'MDd_DynamicDebug' doesn't match value 'MD_DynamicRelease' in main.obj
prometheus-cpp-pull.lib(exposer.obj) : error LNK2038: mismatch detected for '_ITERATOR_DEBUG_LEVEL': value '2' doesn't match value '0' in main.obj
prometheus-cpp-pull.lib(exposer.obj) : error LNK2038: mismatch detected for 'RuntimeLibrary': value 'MDd_DynamicDebug' doesn't match value 'MD_DynamicRelease' in main.obj
prometheus-cpp-pull.lib(CivetServer.obj) : error LNK2038: mismatch detected for '_ITERATOR_DEBUG_LEVEL': value '2' doesn't match value '0' in main.obj
prometheus-cpp-pull.lib(CivetServer.obj) : error LNK2038: mismatch detected for 'RuntimeLibrary': value 'MDd_DynamicDebug' doesn't match value 'MD_DynamicRelease' in main.obj
prometheus-cpp-pull.lib(handler.obj) : error LNK2038: mismatch detected for '_ITERATOR_DEBUG_LEVEL': value '2' doesn't match value '0' in main.obj
prometheus-cpp-pull.lib(handler.obj) : error LNK2038: mismatch detected for 'RuntimeLibrary': value 'MDd_DynamicDebug' doesn't match value 'MD_DynamicRelease' in main.obj
prometheus-cpp-core.lib(counter.obj) : error LNK2038: mismatch detected for '_ITERATOR_DEBUG_LEVEL': value '2' doesn't match value '0' in main.obj
prometheus-cpp-core.lib(counter.obj) : error LNK2038: mismatch detected for 'RuntimeLibrary': value 'MDd_DynamicDebug' doesn't match value 'MD_DynamicRelease' in main.obj
prometheus-cpp-core.lib(counter_builder.obj) : error LNK2038: mismatch detected for '_ITERATOR_DEBUG_LEVEL': value '2' doesn't match value '0' in main.obj
prometheus-cpp-core.lib(counter_builder.obj) : error LNK2038: mismatch detected for 'RuntimeLibrary': value 'MDd_DynamicDebug' doesn't match value 'MD_DynamicRelease' in main.obj
prometheus-cpp-core.lib(ckms_quantiles.obj) : error LNK2038: mismatch detected for '_ITERATOR_DEBUG_LEVEL': value '2' doesn't match value '0' in main.obj
prometheus-cpp-core.lib(ckms_quantiles.obj) : error LNK2038: mismatch detected for 'RuntimeLibrary': value 'MDd_DynamicDebug' doesn't match value 'MD_DynamicRelease' in main.obj
prometheus-cpp-core.lib(summary.obj) : error LNK2038: mismatch detected for '_ITERATOR_DEBUG_LEVEL': value '2' doesn't match value '0' in main.obj
prometheus-cpp-core.lib(summary.obj) : error LNK2038: mismatch detected for 'RuntimeLibrary': value 'MDd_DynamicDebug' doesn't match value 'MD_DynamicRelease' in main.obj
prometheus-cpp-core.lib(summary_builder.obj) : error LNK2038: mismatch detected for '_ITERATOR_DEBUG_LEVEL': value '2' doesn't match value '0' in main.obj
prometheus-cpp-core.lib(summary_builder.obj) : error LNK2038: mismatch detected for 'RuntimeLibrary': value 'MDd_DynamicDebug' doesn't match value 'MD_DynamicRelease' in main.obj
prometheus-cpp-core.lib(serializer.obj) : error LNK2038: mismatch detected for '_ITERATOR_DEBUG_LEVEL': value '2' doesn't match value '0' in main.obj
prometheus-cpp-core.lib(serializer.obj) : error LNK2038: mismatch detected for 'RuntimeLibrary': value 'MDd_DynamicDebug' doesn't match value 'MD_DynamicRelease' in main.obj
prometheus-cpp-core.lib(text_serializer.obj) : error LNK2038: mismatch detected for '_ITERATOR_DEBUG_LEVEL': value '2' doesn't match value '0' in main.obj
prometheus-cpp-core.lib(text_serializer.obj) : error LNK2038: mismatch detected for 'RuntimeLibrary': value 'MDd_DynamicDebug' doesn't match value 'MD_DynamicRelease' in main.obj
prometheus-cpp-core.lib(time_window_quantiles.obj) : error LNK2038: mismatch detected for '_ITERATOR_DEBUG_LEVEL': value '2' doesn't match value '0' in main.obj
prometheus-cpp-core.lib(time_window_quantiles.obj) : error LNK2038: mismatch detected for 'RuntimeLibrary': value 'MDd_DynamicDebug' doesn't match value 'MD_DynamicRelease' in main.obj
LINK : warning LNK4098: defaultlib 'MSVCRTD' conflicts with use of other libs; use /NODEFAULTLIB:library
libavcodec.lib(libx264.o) : warning LNK4049: locally defined symbol x264_levels imported
libavcodec.lib(libx264.o) : warning LNK4049: locally defined symbol x264_bit_depth imported
prometheus-cpp-core.lib(summary_builder.obj) : error LNK2001: unresolved external symbol __imp__invalid_parameter
prometheus-cpp-core.lib(serializer.obj) : error LNK2001: unresolved external symbol __imp__invalid_parameter
prometheus-cpp-core.lib(text_serializer.obj) : error LNK2001: unresolved external symbol __imp__invalid_parameter
prometheus-cpp-core.lib(time_window_quantiles.obj) : error LNK2001: unresolved external symbol __imp__invalid_parameter
prometheus-cpp-core.lib(counter.obj) : error LNK2001: unresolved external symbol __imp__invalid_parameter
prometheus-cpp-core.lib(counter_builder.obj) : error LNK2001: unresolved external symbol __imp__invalid_parameter
prometheus-cpp-core.lib(ckms_quantiles.obj) : error LNK2001: unresolved external symbol __imp__invalid_parameter
prometheus-cpp-core.lib(summary.obj) : error LNK2001: unresolved external symbol __imp__invalid_parameter
prometheus-cpp-core.lib(check_names.obj) : error LNK2001: unresolved external symbol __imp__invalid_parameter
prometheus-cpp-pull.lib(exposer.obj) : error LNK2001: unresolved external symbol __imp__invalid_parameter
prometheus-cpp-pull.lib(CivetServer.obj) : error LNK2001: unresolved external symbol __imp__invalid_parameter
prometheus-cpp-pull.lib(handler.obj) : error LNK2001: unresolved external symbol __imp__invalid_parameter
fmt.lib(format.obj) : error LNK2001: unresolved external symbol __imp__invalid_parameter
prometheus-cpp-core.lib(gauge.obj) : error LNK2001: unresolved external symbol __imp__invalid_parameter
prometheus-cpp-core.lib(gauge_builder.obj) : error LNK2001: unresolved external symbol __imp__invalid_parameter
prometheus-cpp-core.lib(registry.obj) : error LNK2001: unresolved external symbol __imp__invalid_parameter
screen_capture_lite.lib(ThreadRunner.obj) : error LNK2001: unresolved external symbol __imp__invalid_parameter
screen_capture_lite.lib(DXFrameProcessor.obj) : error LNK2001: unresolved external symbol __imp__invalid_parameter
screen_capture_lite.lib(GDIFrameProcessor.obj) : error LNK2001: unresolved external symbol __imp__invalid_parameter
boost_system.lib(error_code.obj) : error LNK2001: unresolved external symbol __imp__invalid_parameter
screen_capture_lite.lib(GetMonitors.obj) : error LNK2001: unresolved external symbol __imp__invalid_parameter
screen_capture_lite.lib(SCCommon.obj) : error LNK2001: unresolved external symbol __imp__invalid_parameter
screen_capture_lite.lib(ScreenCapture.obj) : error LNK2001: unresolved external symbol __imp__invalid_parameter
screen_capture_lite.lib(ThreadManager.obj) : error LNK2001: unresolved external symbol __imp__invalid_parameter
prometheus-cpp-core.lib(serializer.obj) : error LNK2001: unresolved external symbol __imp__CrtDbgReport
prometheus-cpp-core.lib(text_serializer.obj) : error LNK2001: unresolved external symbol __imp__CrtDbgReport
prometheus-cpp-core.lib(time_window_quantiles.obj) : error LNK2001: unresolved external symbol __imp__CrtDbgReport
prometheus-cpp-core.lib(counter_builder.obj) : error LNK2001: unresolved external symbol __imp__CrtDbgReport
prometheus-cpp-core.lib(ckms_quantiles.obj) : error LNK2001: unresolved external symbol __imp__CrtDbgReport
prometheus-cpp-core.lib(summary.obj) : error LNK2001: unresolved external symbol __imp__CrtDbgReport
prometheus-cpp-core.lib(summary_builder.obj) : error LNK2001: unresolved external symbol __imp__CrtDbgReport
prometheus-cpp-pull.lib(exposer.obj) : error LNK2001: unresolved external symbol __imp__CrtDbgReport
prometheus-cpp-pull.lib(CivetServer.obj) : error LNK2001: unresolved external symbol __imp__CrtDbgReport
prometheus-cpp-pull.lib(handler.obj) : error LNK2001: unresolved external symbol __imp__CrtDbgReport
prometheus-cpp-core.lib(counter.obj) : error LNK2001: unresolved external symbol __imp__CrtDbgReport
prometheus-cpp-core.lib(gauge.obj) : error LNK2001: unresolved external symbol __imp__CrtDbgReport
prometheus-cpp-core.lib(gauge_builder.obj) : error LNK2001: unresolved external symbol __imp__CrtDbgReport
prometheus-cpp-core.lib(registry.obj) : error LNK2001: unresolved external symbol __imp__CrtDbgReport
prometheus-cpp-core.lib(check_names.obj) : error LNK2001: unresolved external symbol __imp__CrtDbgReport
screen_capture_lite.lib(ThreadRunner.obj) : error LNK2001: unresolved external symbol __imp__CrtDbgReport
screen_capture_lite.lib(DXFrameProcessor.obj) : error LNK2001: unresolved external symbol __imp__CrtDbgReport
screen_capture_lite.lib(GDIFrameProcessor.obj) : error LNK2001: unresolved external symbol __imp__CrtDbgReport
boost_system.lib(error_code.obj) : error LNK2001: unresolved external symbol __imp__CrtDbgReport
screen_capture_lite.lib(GetMonitors.obj) : error LNK2001: unresolved external symbol __imp__CrtDbgReport
screen_capture_lite.lib(SCCommon.obj) : error LNK2001: unresolved external symbol __imp__CrtDbgReport
screen_capture_lite.lib(ScreenCapture.obj) : error LNK2001: unresolved external symbol __imp__CrtDbgReport
screen_capture_lite.lib(ThreadManager.obj) : error LNK2001: unresolved external symbol __imp__CrtDbgReport
fmt.lib(format.obj) : error LNK2019: unresolved external symbol __imp__CrtDbgReportW referenced in function "void * __cdecl std::_Allocate_manually_vector_aligned<struct std::_Default_allocate_traits>(unsigned __int64)" (??$_Allocate_manually_vector_aligned@U_Default_allocate_traits@std@@@std@@YAPEAX_K@Z)
prometheus-cpp-core.lib(check_names.obj) : error LNK2019: unresolved external symbol __imp__calloc_dbg referenced in function "char * __cdecl std::_Maklocstr<char>(char const *,char *,struct _Cvtvec const &)" (??$_Maklocstr@D@std@@YAPEADPEBDPEADAEBU_Cvtvec@@@Z)
C:\git\shar\build\bin\shar.exe : fatal error LNK1120: 4 unresolved externals
